SinkInNativeLibCode/app/build/intermediates/manifest_merge_blame_file/debug/manifest-merger-blame-debug-report.txt
1<?xml version="1.0" encoding="utf-8"?>
2<manifest xmlns:android="http://schemas.android.com/apk/res/android"
3    package="mod.ndk"
4    android:debuggable="true"
5    android:versionCode="1"
6    android:versionName="1.0" >
7
8    <uses-sdk
8-->src\main\AndroidManifest.xml:8:5-46
9        android:minSdkVersion="14"
9-->src\main\AndroidManifest.xml:8:5-46
10        android:targetSdkVersion="8" />
10-->src\main\AndroidManifest.xml:8:15-43
11
12    <uses-permission android:name="android.permission.READ_PHONE_STATE" />
12-->src\main\AndroidManifest.xml:10:1-71
12-->src\main\AndroidManifest.xml:10:18-68
13    <uses-permission android:name="android.permission.INTERNET" />
13-->src\main\AndroidManifest.xml:11:1-63
13-->src\main\AndroidManifest.xml:11:18-60
14
15    <application
15-->src\main\AndroidManifest.xml:13:5-28:19
16        android:allowBackup="true"
16-->src\main\AndroidManifest.xml:15:9-35
17        android:debuggable="true"
17-->src\main\AndroidManifest.xml:14:9-34
18        android:icon="@drawable/ic_launcher"
18-->src\main\AndroidManifest.xml:16:9-45
19        android:label="@string/app_name"
19-->src\main\AndroidManifest.xml:17:9-41
20        android:theme="@style/AppTheme" >
20-->src\main\AndroidManifest.xml:18:9-40
21        <activity
21-->src\main\AndroidManifest.xml:19:9-27:20
22            android:name="mod.ndk.ActMain"
22-->src\main\AndroidManifest.xml:20:13-43
23            android:label="@string/app_name" >
23-->src\main\AndroidManifest.xml:21:13-45
24            <intent-filter>
24-->src\main\AndroidManifest.xml:22:13-26:29
25                <action android:name="android.intent.action.MAIN" />
25-->src\main\AndroidManifest.xml:23:17-69
25-->src\main\AndroidManifest.xml:23:25-66
26
27                <category android:name="android.intent.category.LAUNCHER" />
27-->src\main\AndroidManifest.xml:25:17-77
27-->src\main\AndroidManifest.xml:25:27-74
28            </intent-filter>
29        </activity>
30    </application>
31
32</manifest>